line    column    data 
   0,        0,    /
   0,        1,    *
   0,        2,     
   0,        3,    P
   0,        4,    R
   0,        5,    O
   0,        6,    G
   0,        7,    R
   0,        8,    A
   0,        9,    M
   0,       10,     
   0,       11,    N
   0,       12,    A
   0,       13,    M
   0,       14,    E
   0,       15,    :
   0,       16,     
   0,       17,    n
   0,       18,    x
   0,       19,    x
   0,       20,    1
   0,       21,    .
   0,       22,    t
   0,       23,    x
   0,       24,    t
   1,        0,    

   2,        0,    

   2,        1,    n
   2,        2,    x
   2,        3,    x
   2,        4,     
   2,        5,    i
   2,        6,    s
   2,        7,     
   2,        8,    a
   2,        9,     
   2,       10,    s
   2,       11,    i
   2,       12,    m
   2,       13,    p
   2,       14,    l
   2,       15,    e
   2,       16,     
   2,       17,    p
   2,       18,    r
   2,       19,    o
   2,       20,    g
   2,       21,    r
   2,       22,    a
   2,       23,    m
   2,       24,    m
   2,       25,    i
   2,       26,    n
   2,       27,    g
   2,       28,     
   2,       29,    l
   2,       30,    a
   2,       31,    n
   2,       32,    g
   2,       33,    u
   2,       34,    a
   2,       35,    g
   2,       36,    e
   2,       37,     
   2,       38,    t
   2,       39,    h
   2,       40,    a
   2,       41,    t
   2,       42,     
   2,       43,    p
   2,       44,    r
   2,       45,    o
   2,       46,    v
   2,       47,    i
   2,       48,    d
   2,       49,    e
   2,       50,    s
   2,       51,    :
   3,        0,    

   3,        1,     
   3,        2,    n
   3,        3,    u
   3,        4,    m
   3,        5,    b
   3,        6,    e
   3,        7,    r
   3,        8,    s
   4,        0,    

   4,        1,     
   4,        2,    s
   4,        3,    t
   4,        4,    r
   4,        5,    i
   4,        6,    n
   4,        7,    g
   4,        8,    s
   5,        0,    

   5,        1,     
   5,        2,    a
   5,        3,    s
   5,        4,    s
   5,        5,    i
   5,        6,    g
   5,        7,    n
   5,        8,    m
   5,        9,    e
   5,       10,    n
   5,       11,    t
   5,       12,     
   5,       13,    s
   5,       14,    t
   5,       15,    a
   5,       16,    t
   5,       17,    e
   5,       18,    m
   5,       19,    e
   5,       20,    n
   5,       21,    t
   5,       22,    s
   6,        0,    

   6,        1,     
   6,        2,    s
   6,        3,    t
   6,        4,    r
   6,        5,    i
   6,        6,    n
   6,        7,    g
   6,        8,     
   6,        9,    c
   6,       10,    o
   6,       11,    n
   6,       12,    c
   6,       13,    a
   6,       14,    t
   6,       15,    e
   6,       16,    n
   6,       17,    a
   6,       18,    t
   6,       19,    i
   6,       20,    o
   6,       21,    n
   7,        0,    

   7,        1,     
   7,        2,    s
   7,        3,    i
   7,        4,    m
   7,        5,    p
   7,        6,    l
   7,        7,    e
   7,        8,     
   7,        9,    a
   7,       10,    r
   7,       11,    i
   7,       12,    t
   7,       13,    h
   7,       14,    m
   7,       15,    e
   7,       16,    t
   7,       17,    i
   7,       18,    c
   7,       19,     
   7,       20,    o
   7,       21,    p
   7,       22,    e
   7,       23,    r
   7,       24,    a
   7,       25,    t
   7,       26,    i
   7,       27,    o
   7,       28,    n
   7,       29,    s
   8,        0,    

   8,        1,     
   8,        2,    p
   8,        3,    r
   8,        4,    i
   8,        5,    n
   8,        6,    t
   8,        7,     
   8,        8,    c
   8,        9,    a
   8,       10,    p
   8,       11,    a
   8,       12,    b
   8,       13,    i
   8,       14,    l
   8,       15,    i
   8,       16,    t
   8,       17,    y
   9,        0,    

   9,        1,     
  10,        0,    

  10,        1,    c
  10,        2,    o
  10,        3,    m
  10,        4,    m
  10,        5,    e
  10,        6,    n
  10,        7,    t
  10,        8,    s
  10,        9,     
  10,       10,    m
  10,       11,    a
  10,       12,    y
  10,       13,     
  10,       14,    b
  10,       15,    e
  10,       16,     
  10,       17,    e
  10,       18,    n
  10,       19,    c
  10,       20,    l
  10,       21,    o
  10,       22,    s
  10,       23,    e
  10,       24,    d
  10,       25,     
  10,       26,    i
  10,       27,    n
  10,       28,     
  10,       29,    s
  10,       30,    l
  10,       31,    a
  10,       32,    s
  10,       33,    h
  10,       34,    +
  10,       35,    a
  10,       36,    s
  10,       37,    t
  10,       38,    e
  10,       39,    r
  10,       40,    i
  10,       41,    s
  10,       42,    k
  10,       43,     
  10,       44,    .
  10,       45,    .
  10,       46,     
  10,       47,    a
  10,       48,    s
  10,       49,    t
  10,       50,    e
  10,       51,    r
  10,       52,    i
  10,       53,    s
  10,       54,    k
  10,       55,    +
  10,       56,    s
  10,       57,    l
  10,       58,    a
  10,       59,    s
  10,       60,    h
  11,        0,    

  11,        1,    *
  11,        2,    /
  12,        0,    

  12,        1,    a
  12,        2,    l
  12,        3,    p
  12,        4,    h
  12,        5,    a
  12,        6,     
  12,        7,    =
  12,        8,     
  12,        9,    1
  12,       10,    6
  12,       11,     
  12,       12,    ;
  13,        0,    

  13,        1,    b
  13,        2,    e
  13,        3,    t
  13,        4,    a
  13,        5,     
  13,        6,    =
  13,        7,     
  13,        8,    2
  13,        9,     
  13,       10,     
  13,       11,     
  13,       12,    ;
  14,        0,    

  14,        1,    r
  14,        2,    e
  14,        3,    s
  14,        4,    u
  14,        5,    l
  14,        6,    t
  14,        7,    N
  14,        8,    a
  14,        9,    m
  14,       10,    e
  14,       11,     
  14,       12,    =
  14,       13,     
  14,       14,    "
  14,       15,    d
  14,       16,    e
  14,       17,    l
  14,       18,    t
  14,       19,    a
  14,       20,    "
  14,       21,     
  14,       22,    ;
  15,        0,    

  15,        1,    d
  15,        2,    e
  15,        3,    l
  15,        4,    t
  15,        5,    a
  15,        6,     
  15,        7,    =
  15,        8,     
  15,        9,    a
  15,       10,    l
  15,       11,    p
  15,       12,    h
  15,       13,    a
  15,       14,     
  15,       15,    /
  15,       16,     
  15,       17,    b
  15,       18,    e
  15,       19,    t
  15,       20,    a
  15,       21,     
  15,       22,    ;
  16,        0,    

  16,        1,    p
  16,        2,    r
  16,        3,    i
  16,        4,    n
  16,        5,    t
  16,        6,     
  16,        7,    "
  16,        8,    V
  16,        9,    a
  16,       10,    l
  16,       11,    u
  16,       12,    e
  16,       13,     
  16,       14,    o
  16,       15,    f
  16,       16,     
  16,       17,    "
  16,       18,     
  16,       19,    |
  16,       20,    |
  16,       21,     
  16,       22,    r
  16,       23,    e
  16,       24,    s
  16,       25,    u
  16,       26,    l
  16,       27,    t
  16,       28,    N
  16,       29,    a
  16,       30,    m
  16,       31,    e
  16,       32,     
  16,       33,    |
  16,       34,    |
  16,       35,     
  16,       36,    "
  16,       37,     
  16,       38,    i
  16,       39,    s
  16,       40,    :
  16,       41,     
  16,       42,    "
  16,       43,     
  16,       44,    ;
  17,        0,    

  17,        1,    p
  17,        2,    r
  17,        3,    i
  17,        4,    n
  17,        5,    t
  17,        6,     
  17,        7,    d
  17,        8,    e
  17,        9,    l
  17,       10,    t
  17,       11,    a
  17,       12,     
  17,       13,    ;
  18,        0,    

  18,        1,    p
  18,        2,    r
  18,        3,    i
  18,        4,    n
  18,        5,    t
  18,        6,     
  18,        7,    "
  18,        8,    \
  18,        9,    n
  18,       10,    "
  18,       11,     
  18,       12,    ;
  19,        0,    

